2019-09-09 18:03:16.014 INFO  1252679 --- [ restartedMain ] com.sbs.stater.StarterApplication - Starting StarterApplication on DESKTOP-0HK8BVN with PID 6924 (C:\Users\tcpin\Desktop\Development\java\sts\workspace\starter\target\classes started by tcpin in C:\Users\tcpin\Desktop\Development\java\sts\workspace\starter)
2019-09-09 18:03:16.015 DEBUG 1252680 --- [ restartedMain ] com.sbs.stater.StarterApplication - Running with Spring Boot v2.1.8.RELEASE, Spring v5.1.9.RELEASE
2019-09-09 18:03:16.015 INFO  1252680 --- [ restartedMain ] com.sbs.stater.StarterApplication - No active profile set, falling back to default profiles: default
2019-09-09 18:03:16.166 DEBUG 1252831 --- [ restartedMain ] o.m.s.b.a.MybatisAutoConfiguration - Searching for mappers annotated with @Mapper
2019-09-09 18:03:16.172 DEBUG 1252837 --- [ restartedMain ] o.m.s.b.a.MybatisAutoConfiguration - Using auto-configuration base package 'com.sbs.stater'
2019-09-09 18:03:16.192 WARN  1252857 --- [ restartedMain ] o.m.s.mapper.ClassPathMapperScanner - No MyBatis mapper was found in '[com.sbs.stater]' package. Please check your configuration.
2019-09-09 18:03:16.270 INFO  1252935 --- [ restartedMain ] o.s.b.w.e.tomcat.TomcatWebServer - Tomcat initialized with port(s): 8083 (http)
2019-09-09 18:03:16.271 INFO  1252936 --- [ restartedMain ] o.a.catalina.core.StandardService - Starting service [Tomcat]
2019-09-09 18:03:16.271 INFO  1252936 --- [ restartedMain ] o.a.catalina.core.StandardEngine - Starting Servlet engine: [Apache Tomcat/9.0.24]
2019-09-09 18:03:16.314 INFO  1252979 --- [ restartedMain ] o.apache.jasper.servlet.TldScanner - At least one JAR was scanned for TLDs yet contained no TLDs. Enable debug logging for this logger for a complete list of JARs that were scanned but no TLDs were found in them. Skipping unneeded JARs during scanning can improve startup time and JSP compilation time.
2019-09-09 18:03:16.316 INFO  1252981 --- [ restartedMain ] o.a.c.c.C.[Tomcat].[localhost].[/] - Initializing Spring embedded WebApplicationContext
2019-09-09 18:03:16.316 INFO  1252981 --- [ restartedMain ] o.s.web.context.ContextLoader - Root WebApplicationContext: initialization completed in 300 ms
2019-09-09 18:03:16.328 DEBUG 1252993 --- [ restartedMain ] o.h.v.i.e.r.TraversableResolvers - Cannot find javax.persistence.Persistence on classpath. Assuming non JPA 2 environment. All properties will per default be traversable.
2019-09-09 18:03:16.329 DEBUG 1252994 --- [ restartedMain ] o.h.v.m.ResourceBundleMessageInterpolator - Loaded expression factory via original TCCL
2019-09-09 18:03:16.329 DEBUG 1252994 --- [ restartedMain ] o.h.v.i.e.r.TraversableResolvers - Cannot find javax.persistence.Persistence on classpath. Assuming non JPA 2 environment. All properties will per default be traversable.
2019-09-09 18:03:16.329 DEBUG 1252994 --- [ restartedMain ] o.h.v.i.engine.ConfigurationImpl - Setting custom MessageInterpolator of type org.springframework.validation.beanvalidation.LocaleContextMessageInterpolator
2019-09-09 18:03:16.330 DEBUG 1252995 --- [ restartedMain ] o.h.v.i.engine.ConfigurationImpl - Setting custom ConstraintValidatorFactory of type org.springframework.validation.beanvalidation.SpringConstraintValidatorFactory
2019-09-09 18:03:16.330 DEBUG 1252995 --- [ restartedMain ] o.h.v.i.engine.ConfigurationImpl - Setting custom ParameterNameProvider of type org.springframework.validation.beanvalidation.LocalValidatorFactoryBean$1
2019-09-09 18:03:16.330 DEBUG 1252995 --- [ restartedMain ] o.h.v.i.x.c.ValidationXmlParser - Trying to load META-INF/validation.xml for XML based Validator configuration.
2019-09-09 18:03:16.330 DEBUG 1252995 --- [ restartedMain ] o.h.v.i.x.c.ResourceLoaderHelper - Trying to load META-INF/validation.xml via user class loader
2019-09-09 18:03:16.330 DEBUG 1252995 --- [ restartedMain ] o.h.v.i.x.c.ResourceLoaderHelper - Trying to load META-INF/validation.xml via TCCL
2019-09-09 18:03:16.330 DEBUG 1252995 --- [ restartedMain ] o.h.v.i.x.c.ResourceLoaderHelper - Trying to load META-INF/validation.xml via Hibernate Validator's class loader
2019-09-09 18:03:16.330 DEBUG 1252995 --- [ restartedMain ] o.h.v.i.x.c.ValidationXmlParser - No META-INF/validation.xml found. Using annotation based configuration only.
2019-09-09 18:03:16.333 DEBUG 1252998 --- [ restartedMain ] o.h.v.i.engine.ValidatorFactoryImpl - HV000234: Using org.springframework.validation.beanvalidation.LocaleContextMessageInterpolator as ValidatorFactory-scoped message interpolator.
2019-09-09 18:03:16.333 DEBUG 1252998 --- [ restartedMain ] o.h.v.i.engine.ValidatorFactoryImpl - HV000234: Using org.hibernate.validator.internal.engine.resolver.TraverseAllTraversableResolver as ValidatorFactory-scoped traversable resolver.
2019-09-09 18:03:16.333 DEBUG 1252998 --- [ restartedMain ] o.h.v.i.engine.ValidatorFactoryImpl - HV000234: Using org.hibernate.validator.internal.util.ExecutableParameterNameProvider as ValidatorFactory-scoped parameter name provider.
2019-09-09 18:03:16.333 DEBUG 1252998 --- [ restartedMain ] o.h.v.i.engine.ValidatorFactoryImpl - HV000234: Using org.hibernate.validator.internal.engine.DefaultClockProvider as ValidatorFactory-scoped clock provider.
2019-09-09 18:03:16.333 DEBUG 1252998 --- [ restartedMain ] o.h.v.i.engine.ValidatorFactoryImpl - HV000234: Using org.hibernate.validator.internal.engine.scripting.DefaultScriptEvaluatorFactory as ValidatorFactory-scoped script evaluator factory.
2019-09-09 18:03:16.357 INFO  1253022 --- [ restartedMain ] o.s.s.c.ThreadPoolTaskExecutor - Initializing ExecutorService 'applicationTaskExecutor'
2019-09-09 18:03:16.382 DEBUG 1253047 --- [ restartedMain ] com.zaxxer.hikari.HikariConfig - Driver class net.sf.log4jdbc.sql.jdbcapi.DriverSpy found in Thread context class loader org.springframework.boot.devtools.restart.classloader.RestartClassLoader@5c118f90
2019-09-09 18:03:16.385 DEBUG 1253050 --- [ restartedMain ] o.m.s.b.a.MybatisAutoConfiguration - Not found configuration for registering mapper bean using @MapperScan, MapperFactoryBean and MapperScannerConfigurer.
2019-09-09 18:03:16.390 DEBUG 1253055 --- [ restartedMain ] o.m.spring.SqlSessionFactoryBean - Property 'mapperLocations' was not specified.
2019-09-09 18:03:16.396 WARN  1253061 --- [ restartedMain ] o.s.b.a.g.t.GroovyTemplateAutoConfiguration - Cannot find template location: classpath:/templates/ (please add some templates, check your Groovy configuration, or set spring.groovy.template.check-template-location=false)
2019-09-09 18:03:16.414 INFO  1253079 --- [ restartedMain ] o.s.b.d.a.OptionalLiveReloadServer - LiveReload server is running on port 35729
2019-09-09 18:03:16.424 INFO  1253089 --- [ restartedMain ] o.s.b.w.e.tomcat.TomcatWebServer - Tomcat started on port(s): 8083 (http) with context path ''
2019-09-09 18:03:16.425 INFO  1253090 --- [ restartedMain ] com.sbs.stater.StarterApplication - Started StarterApplication in 0.474 seconds (JVM running for 1253.478)
2019-09-09 18:03:16.426 INFO  1253091 --- [ restartedMain ] o.s.b.d.a.ConditionEvaluationDeltaLoggingListener - Condition evaluation unchanged
2019-09-09 18:04:51.372 INFO  1348037 --- [ Thread-39 ] o.s.s.c.ThreadPoolTaskExecutor - Shutting down ExecutorService 'applicationTaskExecutor'
